<?xml version="1.0" encoding="UTF-8"?>
<testng-results ignored="0" total="1" passed="1" failed="0" skipped="0">
  <reporter-output>
  </reporter-output>
  <suite started-at="2023-11-09T21:57:16 GMT" name="Default suite" finished-at="2023-11-09T21:57:17 GMT" duration-ms="743">
    <groups>
    </groups>
    <test started-at="2023-11-09T21:57:16 GMT" name="Default test" finished-at="2023-11-09T21:57:17 GMT" duration-ms="743">
      <class name="com.ExtentReports.tests.ExtentReportsFile">
        <test-method signature="extentTest()[pri:0, instance:com.ExtentReports.tests.ExtentReportsFile@1649b0e6]" started-at="2023-11-09T21:57:16 GMT" name="extentTest" finished-at="2023-11-09T21:57:17 GMT" duration-ms="688" status="PASS">
          <reporter-output>
          </reporter-output>
        </test-method> <!-- extentTest -->
      </class> <!-- com.ExtentReports.tests.ExtentReportsFile -->
    </test> <!-- Default test -->
  </suite> <!-- Default suite -->
</testng-results>
